0 info it worked if it ends with ok
1 verbose cli [ 'C:\\Program Files\\nodejs\\node.exe',
1 verbose cli   'C:\\Program Files\\nodejs\\node_modules\\npm\\bin\\npm-cli.js',
1 verbose cli   'install',
1 verbose cli   '-g',
1 verbose cli   'http-server',
1 verbose cli   '#',
1 verbose cli   'install',
1 verbose cli   'dependency' ]
2 info using npm@3.10.10
3 info using node@v6.11.0
4 silly loadCurrentTree Starting
5 silly install loadCurrentTree
6 silly install readGlobalPackageData
7 silly fetchPackageMetaData http-server
8 silly fetchPackageMetaData #
9 silly fetchPackageMetaData install
10 silly fetchPackageMetaData dependency
11 silly fetchNamedPackageData http-server
12 silly mapToRegistry name http-server
13 silly mapToRegistry using default registry
14 silly mapToRegistry registry https://registry.npmjs.org/
15 silly mapToRegistry data Result {
15 silly mapToRegistry   raw: 'http-server',
15 silly mapToRegistry   scope: null,
15 silly mapToRegistry   escapedName: 'http-server',
15 silly mapToRegistry   name: 'http-server',
15 silly mapToRegistry   rawSpec: '',
15 silly mapToRegistry   spec: 'latest',
15 silly mapToRegistry   type: 'tag' }
16 silly mapToRegistry uri https://registry.npmjs.org/http-server
17 silly fetchOtherPackageData #
18 silly cache add args [ '#', null ]
19 verbose cache add spec #
20 silly fetchNamedPackageData install
21 silly mapToRegistry name install
22 silly mapToRegistry using default registry
23 silly mapToRegistry registry https://registry.npmjs.org/
24 silly mapToRegistry data Result {
24 silly mapToRegistry   raw: 'install',
24 silly mapToRegistry   scope: null,
24 silly mapToRegistry   escapedName: 'install',
24 silly mapToRegistry   name: 'install',
24 silly mapToRegistry   rawSpec: '',
24 silly mapToRegistry   spec: 'latest',
24 silly mapToRegistry   type: 'tag' }
25 silly mapToRegistry uri https://registry.npmjs.org/install
26 silly fetchNamedPackageData dependency
27 silly mapToRegistry name dependency
28 silly mapToRegistry using default registry
29 silly mapToRegistry registry https://registry.npmjs.org/
30 silly mapToRegistry data Result {
30 silly mapToRegistry   raw: 'dependency',
30 silly mapToRegistry   scope: null,
30 silly mapToRegistry   escapedName: 'dependency',
30 silly mapToRegistry   name: 'dependency',
30 silly mapToRegistry   rawSpec: '',
30 silly mapToRegistry   spec: 'latest',
30 silly mapToRegistry   type: 'tag' }
31 silly mapToRegistry uri https://registry.npmjs.org/dependency
32 verbose request uri https://registry.npmjs.org/http-server
33 verbose request no auth needed
34 info attempt registry request try #1 at 14:38:15
35 verbose request id 8791528a39add6da
36 http request GET https://registry.npmjs.org/http-server
37 silly cache add parsed spec Result {
37 silly cache add   raw: '#',
37 silly cache add   scope: null,
37 silly cache add   escapedName: null,
37 silly cache add   name: null,
37 silly cache add   rawSpec: '#',
37 silly cache add   spec: 'D:\\work\\my_project\\#',
37 silly cache add   type: 'local' }
38 verbose request uri https://registry.npmjs.org/install
39 verbose request no auth needed
40 info attempt registry request try #1 at 14:38:15
41 http request GET https://registry.npmjs.org/install
42 verbose request uri https://registry.npmjs.org/dependency
43 verbose request no auth needed
44 info attempt registry request try #1 at 14:38:15
45 http request GET https://registry.npmjs.org/dependency
46 error addLocal Could not install D:\work\my_project\#
47 silly fetchPackageMetaData Error: ENOENT: no such file or directory, open 'D:\work\my_project\#'
47 silly fetchPackageMetaData     at Error (native)
47 silly fetchPackageMetaData  error for # { Error: ENOENT: no such file or directory, open 'D:\work\my_project\#'
47 silly fetchPackageMetaData     at Error (native)
47 silly fetchPackageMetaData   errno: -4058,
47 silly fetchPackageMetaData   code: 'ENOENT',
47 silly fetchPackageMetaData   syscall: 'open',
47 silly fetchPackageMetaData   path: 'D:\\work\\my_project\\#' }
48 http 200 https://registry.npmjs.org/http-server
49 verbose headers { server: 'nginx/1.10.1',
49 verbose headers   'content-type': 'application/json',
49 verbose headers   'last-modified': 'Tue, 07 Nov 2017 23:53:06 GMT',
49 verbose headers   etag: 'W/"5a024762-10182"',
49 verbose headers   'content-encoding': 'gzip',
49 verbose headers   'cache-control': 'max-age=300',
49 verbose headers   'content-length': '9309',
49 verbose headers   'accept-ranges': 'bytes',
49 verbose headers   date: 'Fri, 10 Nov 2017 12:38:13 GMT',
49 verbose headers   via: '1.1 varnish',
49 verbose headers   age: '169',
49 verbose headers   connection: 'keep-alive',
49 verbose headers   'x-served-by': 'cache-hhn1534-HHN',
49 verbose headers   'x-cache': 'HIT',
49 verbose headers   'x-cache-hits': '1',
49 verbose headers   'x-timer': 'S1510317493.221709,VS0,VE1',
49 verbose headers   vary: 'Accept-Encoding, Accept' }
50 silly get cb [ 200,
50 silly get   { server: 'nginx/1.10.1',
50 silly get     'content-type': 'application/json',
50 silly get     'last-modified': 'Tue, 07 Nov 2017 23:53:06 GMT',
50 silly get     etag: 'W/"5a024762-10182"',
50 silly get     'content-encoding': 'gzip',
50 silly get     'cache-control': 'max-age=300',
50 silly get     'content-length': '9309',
50 silly get     'accept-ranges': 'bytes',
50 silly get     date: 'Fri, 10 Nov 2017 12:38:13 GMT',
50 silly get     via: '1.1 varnish',
50 silly get     age: '169',
50 silly get     connection: 'keep-alive',
50 silly get     'x-served-by': 'cache-hhn1534-HHN',
50 silly get     'x-cache': 'HIT',
50 silly get     'x-cache-hits': '1',
50 silly get     'x-timer': 'S1510317493.221709,VS0,VE1',
50 silly get     vary: 'Accept-Encoding, Accept' } ]
51 verbose get saving http-server to C:\Users\Komanche\AppData\Roaming\npm-cache\registry.npmjs.org\http-server\.cache.json
52 verbose correctMkdir C:\Users\Komanche\AppData\Roaming\npm-cache correctMkdir not in flight; initializing
53 http 200 https://registry.npmjs.org/dependency
54 verbose headers { server: 'nginx/1.10.1',
54 verbose headers   'content-type': 'application/json',
54 verbose headers   'last-modified': 'Sun, 04 Nov 2012 22:51:19 GMT',
54 verbose headers   etag: 'W/"5096f167-5be"',
54 verbose headers   'content-encoding': 'gzip',
54 verbose headers   'cache-control': 'max-age=300',
54 verbose headers   'content-length': '575',
54 verbose headers   'accept-ranges': 'bytes',
54 verbose headers   date: 'Fri, 10 Nov 2017 12:38:13 GMT',
54 verbose headers   via: '1.1 varnish',
54 verbose headers   age: '0',
54 verbose headers   connection: 'keep-alive',
54 verbose headers   'x-served-by': 'cache-hhn1532-HHN',
54 verbose headers   'x-cache': 'MISS',
54 verbose headers   'x-cache-hits': '0',
54 verbose headers   'x-timer': 'S1510317493.224724,VS0,VE26',
54 verbose headers   vary: 'Accept-Encoding, Accept' }
55 silly get cb [ 200,
55 silly get   { server: 'nginx/1.10.1',
55 silly get     'content-type': 'application/json',
55 silly get     'last-modified': 'Sun, 04 Nov 2012 22:51:19 GMT',
55 silly get     etag: 'W/"5096f167-5be"',
55 silly get     'content-encoding': 'gzip',
55 silly get     'cache-control': 'max-age=300',
55 silly get     'content-length': '575',
55 silly get     'accept-ranges': 'bytes',
55 silly get     date: 'Fri, 10 Nov 2017 12:38:13 GMT',
55 silly get     via: '1.1 varnish',
55 silly get     age: '0',
55 silly get     connection: 'keep-alive',
55 silly get     'x-served-by': 'cache-hhn1532-HHN',
55 silly get     'x-cache': 'MISS',
55 silly get     'x-cache-hits': '0',
55 silly get     'x-timer': 'S1510317493.224724,VS0,VE26',
55 silly get     vary: 'Accept-Encoding, Accept' } ]
56 verbose get saving dependency to C:\Users\Komanche\AppData\Roaming\npm-cache\registry.npmjs.org\dependency\.cache.json
57 verbose correctMkdir C:\Users\Komanche\AppData\Roaming\npm-cache correctMkdir not in flight; initializing
58 http 200 https://registry.npmjs.org/install
59 verbose headers { server: 'nginx/1.10.1',
59 verbose headers   'content-type': 'application/json',
59 verbose headers   'last-modified': 'Tue, 04 Jul 2017 14:31:45 GMT',
59 verbose headers   etag: 'W/"595ba6d1-11a78"',
59 verbose headers   'content-encoding': 'gzip',
59 verbose headers   'cache-control': 'max-age=300',
59 verbose headers   'content-length': '8598',
59 verbose headers   'accept-ranges': 'bytes',
59 verbose headers   date: 'Fri, 10 Nov 2017 12:38:13 GMT',
59 verbose headers   via: '1.1 varnish',
59 verbose headers   age: '191',
59 verbose headers   connection: 'keep-alive',
59 verbose headers   'x-served-by': 'cache-hhn1546-HHN',
59 verbose headers   'x-cache': 'HIT',
59 verbose headers   'x-cache-hits': '1',
59 verbose headers   'x-timer': 'S1510317493.222466,VS0,VE1',
59 verbose headers   vary: 'Accept-Encoding, Accept' }
60 silly get cb [ 200,
60 silly get   { server: 'nginx/1.10.1',
60 silly get     'content-type': 'application/json',
60 silly get     'last-modified': 'Tue, 04 Jul 2017 14:31:45 GMT',
60 silly get     etag: 'W/"595ba6d1-11a78"',
60 silly get     'content-encoding': 'gzip',
60 silly get     'cache-control': 'max-age=300',
60 silly get     'content-length': '8598',
60 silly get     'accept-ranges': 'bytes',
60 silly get     date: 'Fri, 10 Nov 2017 12:38:13 GMT',
60 silly get     via: '1.1 varnish',
60 silly get     age: '191',
60 silly get     connection: 'keep-alive',
60 silly get     'x-served-by': 'cache-hhn1546-HHN',
60 silly get     'x-cache': 'HIT',
60 silly get     'x-cache-hits': '1',
60 silly get     'x-timer': 'S1510317493.222466,VS0,VE1',
60 silly get     vary: 'Accept-Encoding, Accept' } ]
61 verbose get saving install to C:\Users\Komanche\AppData\Roaming\npm-cache\registry.npmjs.org\install\.cache.json
62 verbose correctMkdir C:\Users\Komanche\AppData\Roaming\npm-cache correctMkdir not in flight; initializing
63 silly rollbackFailedOptional Starting
64 silly rollbackFailedOptional Finishing
65 silly runTopLevelLifecycles Finishing
66 silly install printInstalled
67 verbose stack Error: ENOENT: no such file or directory, open 'D:\work\my_project\#'
67 verbose stack     at Error (native)
68 verbose cwd D:\work\my_project
69 error Windows_NT 6.3.9600
70 error argv "C:\\Program Files\\nodejs\\node.exe" "C:\\Program Files\\nodejs\\node_modules\\npm\\bin\\npm-cli.js" "install" "-g" "http-server" "#" "install" "dependency"
71 error node v6.11.0
72 error npm  v3.10.10
73 error path D:\work\my_project\#
74 error code ENOENT
75 error errno -4058
76 error syscall open
77 error enoent ENOENT: no such file or directory, open 'D:\work\my_project\#'
78 error enoent ENOENT: no such file or directory, open 'D:\work\my_project\#'
78 error enoent This is most likely not a problem with npm itself
78 error enoent and is related to npm not being able to find a file.
79 verbose exit [ -4058, true ]
